2018-02-01T16:00:56+00:00 CRITICAL Cannot use object of type WP_Query as array

2018-02-01T16:01:00+00:00 CRITICAL Cannot use object of type WP_Query as array

2018-02-01T16:01:03+00:00 CRITICAL Cannot use object of type WP_Query as array

2018-02-01T16:01:29+00:00 CRITICAL Cannot use object of type WP_Query as array

2018-02-01T16:01:32+00:00 CRITICAL Cannot use object of type WP_Query as array

2018-02-01T16:01:33+00:00 CRITICAL Cannot use object of type WP_Query as array

2018-02-01T16:01:33+00:00 CRITICAL Cannot use object of type WP_Query as array

2018-02-01T16:01:52+00:00 CRITICAL Cannot use object of type WP_Query as array

2018-02-01T16:04:19+00:00 CRITICAL Cannot use object of type WP_Post as array

2018-02-01T16:04:21+00:00 CRITICAL Cannot use object of type WP_Post as array

2018-02-01T16:10:28+00:00 CRITICAL Cannot use object of type WP_Post as array

2018-02-01T16:10:52+00:00 CRITICAL Cannot use object of type WP_Post as array

2018-02-01T16:10:54+00:00 CRITICAL Cannot use object of type WP_Post as array

2018-02-01T16:10:54+00:00 CRITICAL Cannot use object of type WP_Post as array

2018-02-02T08:52:26+07:00 CRITICAL Call to a member function get_regular_price() on null

2018-02-02T08:52:32+07:00 CRITICAL Call to a member function get_regular_price() on null

2018-02-02T08:52:42+07:00 CRITICAL Call to a member function get_regular_price() on null

2018-02-02T08:52:53+07:00 CRITICAL Call to a member function get_regular_price() on null

2018-05-04T19:41:51+00:00 CRITICAL Call to undefined function qtranxf_getLanguage()

2018-05-13T23:20:59+00:00 CRITICAL Call to undefined function qtranxf_getLanguage()

2018-05-13T23:20:59+00:00 CRITICAL Call to undefined function qtranxf_getLanguage()

2018-05-13T23:20:59+00:00 CRITICAL Call to undefined function qtranxf_getLanguage()

2018-05-13T23:20:59+00:00 CRITICAL Call to undefined function qtranxf_getLanguage()

2018-05-13T23:20:59+00:00 CRITICAL Call to undefined function qtranxf_getLanguage()

2018-05-13T23:20:59+00:00 CRITICAL Call to undefined function qtranxf_getLanguage()

2018-05-13T23:21:01+00:00 CRITICAL Call to undefined function qtranxf_getLanguage()

2018-05-13T23:21:01+00:00 CRITICAL Call to undefined function qtranxf_getLanguage()

2018-05-13T23:21:01+00:00 CRITICAL Call to undefined function qtranxf_getLanguage()

2018-05-13T23:21:01+00:00 CRITICAL Call to undefined function qtranxf_getLanguage()

2018-05-13T23:21:01+00:00 CRITICAL Call to undefined function qtranxf_getLanguage()

2018-05-13T23:21:01+00:00 CRITICAL Call to undefined function qtranxf_getLanguage()

2018-05-13T23:21:01+00:00 CRITICAL Call to undefined function qtranxf_getLanguage()

2018-05-13T23:21:01+00:00 CRITICAL Call to undefined function qtranxf_getLanguage()

2018-05-13T23:21:01+00:00 CRITICAL Call to undefined function qtranxf_getLanguage()

2018-05-13T23:21:02+00:00 CRITICAL Call to undefined function qtranxf_getLanguage()

2018-05-13T23:21:03+00:00 CRITICAL Call to undefined function qtranxf_getLanguage()

2018-05-13T23:21:07+00:00 CRITICAL Call to undefined function qtranxf_getLanguage()

2018-05-13T23:21:07+00:00 CRITICAL Call to undefined function qtranxf_getLanguage()

2018-05-13T23:21:07+00:00 CRITICAL Call to undefined function qtranxf_getLanguage()

2018-05-13T23:21:07+00:00 CRITICAL Call to undefined function qtranxf_getLanguage()

2018-05-13T23:21:07+00:00 CRITICAL Call to undefined function qtranxf_getLanguage()

2018-05-13T23:21:07+00:00 CRITICAL Call to undefined function qtranxf_getLanguage()

2018-05-13T23:21:09+00:00 CRITICAL Call to undefined function qtranxf_getLanguage()

2018-05-13T23:21:09+00:00 CRITICAL Call to undefined function qtranxf_getLanguage()

2018-05-13T23:21:09+00:00 CRITICAL Call to undefined function qtranxf_getLanguage()

2018-05-13T23:21:09+00:00 CRITICAL Call to undefined function qtranxf_getLanguage()

2018-05-13T23:21:09+00:00 CRITICAL Call to undefined function qtranxf_getLanguage()

2018-05-13T23:21:09+00:00 CRITICAL Call to undefined function qtranxf_getLanguage()

2018-05-13T23:21:10+00:00 CRITICAL Call to undefined function qtranxf_getLanguage()

2018-05-13T23:21:10+00:00 CRITICAL Call to undefined function qtranxf_getLanguage()

2018-05-13T23:21:10+00:00 CRITICAL Call to undefined function qtranxf_getLanguage()

2018-05-13T23:22:04+00:00 CRITICAL Call to undefined function qtranxf_getLanguage()

2018-05-13T23:22:05+00:00 CRITICAL Call to undefined function qtranxf_getLanguage()

2018-05-13T23:23:53+00:00 CRITICAL Call to undefined function qtranxf_getLanguage()

2018-05-13T23:24:18+00:00 CRITICAL Call to undefined function qtranxf_getLanguage()

2018-05-13T23:25:55+00:00 CRITICAL Call to undefined function qtranxf_getLanguage()

2018-05-13T23:27:00+00:00 CRITICAL Call to undefined function qtranxf_getLanguage()

2018-05-13T23:27:32+00:00 CRITICAL Call to undefined function qtranxf_getLanguage()

2018-05-13T23:29:03+00:00 CRITICAL Call to undefined function qtranxf_getLanguage()

2018-05-13T23:29:33+00:00 CRITICAL Call to undefined function qtranxf_getLanguage()

2018-05-13T23:29:43+00:00 CRITICAL Call to undefined function qtranxf_getLanguage()

2018-05-13T23:30:10+00:00 CRITICAL Call to undefined function qtranxf_getLanguage()

2018-05-13T23:31:15+00:00 CRITICAL Call to undefined function qtranxf_getLanguage()

2018-05-13T23:32:58+00:00 CRITICAL Call to undefined function qtranxf_getLanguage()

2018-05-13T23:32:58+00:00 CRITICAL Call to undefined function qtranxf_getLanguage()

2018-05-13T23:33:28+00:00 CRITICAL Call to undefined function qtranxf_getLanguage()

2018-05-13T23:33:28+00:00 CRITICAL Call to undefined function qtranxf_getLanguage()

2018-05-14T08:49:42+00:00 CRITICAL Call to undefined function qtranxf_getLanguage()

2018-05-14T08:49:42+00:00 CRITICAL Call to undefined function qtranxf_getLanguage()

2018-05-14T08:50:26+00:00 CRITICAL Call to undefined function qtranxf_getLanguage()

2018-05-14T08:56:07+00:00 CRITICAL Call to undefined function qtranxf_getLanguage()

2018-05-14T08:56:08+00:00 CRITICAL Call to undefined function qtranxf_getLanguage()

2018-05-14T08:56:14+00:00 CRITICAL Call to undefined function qtranxf_getLanguage()

2018-05-14T08:56:14+00:00 CRITICAL Call to undefined function qtranxf_getLanguage()

2018-05-14T08:56:31+00:00 CRITICAL Call to undefined function qtranxf_getLanguage()

2018-05-14T08:56:32+00:00 CRITICAL Call to undefined function qtranxf_getLanguage()

2018-05-14T09:03:53+00:00 CRITICAL Call to undefined function qtranxf_getLanguage()

2018-05-14T09:03:56+00:00 CRITICAL Call to undefined function qtranxf_getLanguage()

2018-05-14T09:03:56+00:00 CRITICAL Call to undefined function qtranxf_getLanguage()

2018-05-14T09:03:56+00:00 CRITICAL Call to undefined function qtranxf_getLanguage()

2018-05-14T09:03:57+00:00 CRITICAL Call to undefined function qtranxf_getLanguage()

2018-05-14T09:06:10+00:00 CRITICAL Call to undefined function qtranxf_getLanguage()

2018-05-14T09:06:11+00:00 CRITICAL Call to undefined function qtranxf_getLanguage()

2018-05-14T09:06:11+00:00 CRITICAL Call to undefined function qtranxf_getLanguage()

2018-05-14T09:06:11+00:00 CRITICAL Call to undefined function qtranxf_getLanguage()

2018-05-14T09:06:29+00:00 CRITICAL Call to undefined function qtranxf_getLanguage()

2018-05-14T09:06:29+00:00 CRITICAL Call to undefined function qtranxf_getLanguage()

2018-05-14T09:06:30+00:00 CRITICAL Call to undefined function qtranxf_getLanguage()

2018-05-14T09:07:17+00:00 CRITICAL Call to undefined function qtranxf_getLanguage()

2018-05-14T09:07:17+00:00 CRITICAL Call to undefined function qtranxf_getLanguage()

2018-05-14T09:07:18+00:00 CRITICAL Call to undefined function qtranxf_getLanguage()

2018-05-14T09:07:18+00:00 CRITICAL Call to undefined function qtranxf_getLanguage()

2018-05-14T09:07:19+00:00 CRITICAL Call to undefined function qtranxf_getLanguage()

2018-05-14T09:07:32+00:00 CRITICAL Call to undefined function qtranxf_getLanguage()

2018-05-14T09:07:32+00:00 CRITICAL Call to undefined function qtranxf_getLanguage()

2018-05-14T09:07:33+00:00 CRITICAL Call to undefined function qtranxf_getLanguage()

2018-05-14T09:07:33+00:00 CRITICAL Call to undefined function qtranxf_getLanguage()

2018-05-14T09:08:38+00:00 CRITICAL Call to undefined function qtranxf_getLanguage()

2018-05-14T09:08:38+00:00 CRITICAL Call to undefined function qtranxf_getLanguage()

2018-05-14T09:08:38+00:00 CRITICAL Call to undefined function qtranxf_getLanguage()

2018-05-14T09:08:39+00:00 CRITICAL Call to undefined function qtranxf_getLanguage()

2018-05-14T09:08:39+00:00 CRITICAL Call to undefined function qtranxf_getLanguage()

2018-05-14T09:08:39+00:00 CRITICAL Call to undefined function qtranxf_getLanguage()

2018-05-14T09:08:39+00:00 CRITICAL Call to undefined function qtranxf_getLanguage()

2018-05-14T09:08:39+00:00 CRITICAL Call to undefined function qtranxf_getLanguage()

2018-05-14T09:08:40+00:00 CRITICAL Call to undefined function qtranxf_getLanguage()

2018-05-14T09:08:41+00:00 CRITICAL Call to undefined function qtranxf_getLanguage()

2018-05-14T09:08:41+00:00 CRITICAL Call to undefined function qtranxf_getLanguage()

2018-05-14T09:08:41+00:00 CRITICAL Call to undefined function qtranxf_getLanguage()

2018-05-14T09:08:41+00:00 CRITICAL Call to undefined function qtranxf_getLanguage()

2018-05-14T09:08:41+00:00 CRITICAL Call to undefined function qtranxf_getLanguage()

2018-05-14T09:08:41+00:00 CRITICAL Call to undefined function qtranxf_getLanguage()

2018-05-14T09:08:41+00:00 CRITICAL Call to undefined function qtranxf_getLanguage()

2018-05-14T09:08:42+00:00 CRITICAL Call to undefined function qtranxf_getLanguage()

2018-05-14T09:08:42+00:00 CRITICAL Call to undefined function qtranxf_getLanguage()

2018-05-14T09:08:42+00:00 CRITICAL Call to undefined function qtranxf_getLanguage()

2018-05-14T09:08:42+00:00 CRITICAL Call to undefined function qtranxf_getLanguage()

2018-05-14T09:08:42+00:00 CRITICAL Call to undefined function qtranxf_getLanguage()

2018-05-14T09:08:43+00:00 CRITICAL Call to undefined function qtranxf_getLanguage()

2018-05-14T09:08:43+00:00 CRITICAL Call to undefined function qtranxf_getLanguage()

2018-05-14T09:08:44+00:00 CRITICAL Call to undefined function qtranxf_getLanguage()

2018-05-14T09:08:44+00:00 CRITICAL Call to undefined function qtranxf_getLanguage()

2018-05-14T09:08:44+00:00 CRITICAL Call to undefined function qtranxf_getLanguage()

2018-05-14T09:08:44+00:00 CRITICAL Call to undefined function qtranxf_getLanguage()

2018-05-14T09:08:44+00:00 CRITICAL Call to undefined function qtranxf_getLanguage()

2018-05-14T09:08:44+00:00 CRITICAL Call to undefined function qtranxf_getLanguage()

2018-05-14T09:08:45+00:00 CRITICAL Call to undefined function qtranxf_getLanguage()

2018-05-14T09:08:45+00:00 CRITICAL Call to undefined function qtranxf_getLanguage()

2018-05-14T09:08:45+00:00 CRITICAL Call to undefined function qtranxf_getLanguage()

2018-05-14T09:08:45+00:00 CRITICAL Call to undefined function qtranxf_getLanguage()

2018-05-14T09:08:46+00:00 CRITICAL Call to undefined function qtranxf_getLanguage()

2018-05-14T09:08:47+00:00 CRITICAL Call to undefined function qtranxf_getLanguage()

2018-05-14T09:08:47+00:00 CRITICAL Call to undefined function qtranxf_getLanguage()

2018-05-14T09:08:48+00:00 CRITICAL Call to undefined function qtranxf_getLanguage()

2018-05-14T09:08:49+00:00 CRITICAL Call to undefined function qtranxf_getLanguage()

2018-05-14T09:08:50+00:00 CRITICAL Call to undefined function qtranxf_getLanguage()

2018-05-14T09:08:51+00:00 CRITICAL Call to undefined function qtranxf_getLanguage()

2018-05-14T09:08:52+00:00 CRITICAL Call to undefined function qtranxf_getLanguage()

2018-05-14T09:08:53+00:00 CRITICAL Call to undefined function qtranxf_getLanguage()

2018-05-14T09:08:57+00:00 CRITICAL Call to undefined function qtranxf_getLanguage()

2018-05-14T09:08:57+00:00 CRITICAL Call to undefined function qtranxf_getLanguage()

2018-05-14T09:08:57+00:00 CRITICAL Call to undefined function qtranxf_getLanguage()

2018-05-14T09:08:58+00:00 CRITICAL Call to undefined function qtranxf_getLanguage()

2018-05-14T09:08:58+00:00 CRITICAL Call to undefined function qtranxf_getLanguage()

2018-05-14T09:08:58+00:00 CRITICAL Call to undefined function qtranxf_getLanguage()

2018-05-14T09:08:58+00:00 CRITICAL Call to undefined function qtranxf_getLanguage()

2018-05-14T09:08:58+00:00 CRITICAL Call to undefined function qtranxf_getLanguage()

2018-05-14T09:08:58+00:00 CRITICAL Call to undefined function qtranxf_getLanguage()

2018-05-14T09:08:59+00:00 CRITICAL Call to undefined function qtranxf_getLanguage()

2018-05-14T09:08:59+00:00 CRITICAL Call to undefined function qtranxf_getLanguage()

2018-05-14T09:08:59+00:00 CRITICAL Call to undefined function qtranxf_getLanguage()

2018-05-14T09:08:59+00:00 CRITICAL Call to undefined function qtranxf_getLanguage()

2018-05-14T09:08:59+00:00 CRITICAL Call to undefined function qtranxf_getLanguage()

2018-05-14T09:08:59+00:00 CRITICAL Call to undefined function qtranxf_getLanguage()

2018-05-14T09:09:00+00:00 CRITICAL Call to undefined function qtranxf_getLanguage()

2018-05-14T09:09:00+00:00 CRITICAL Call to undefined function qtranxf_getLanguage()

2018-05-14T09:09:01+00:00 CRITICAL Call to undefined function qtranxf_getLanguage()

2018-05-14T09:09:57+00:00 CRITICAL Call to undefined function qtranxf_getLanguage()

2018-05-14T09:09:57+00:00 CRITICAL Call to undefined function qtranxf_getLanguage()

2018-05-14T09:10:03+00:00 CRITICAL Call to undefined function qtranxf_getLanguage()

2018-05-14T09:10:03+00:00 CRITICAL Call to undefined function qtranxf_getLanguage()

2018-05-14T09:10:03+00:00 CRITICAL Call to undefined function qtranxf_getLanguage()

2018-05-14T09:10:04+00:00 CRITICAL Call to undefined function qtranxf_getLanguage()

2018-05-14T09:10:04+00:00 CRITICAL Call to undefined function qtranxf_getLanguage()

2018-05-14T09:10:05+00:00 CRITICAL Call to undefined function qtranxf_getLanguage()

2018-05-14T09:10:05+00:00 CRITICAL Call to undefined function qtranxf_getLanguage()

2018-05-14T09:10:05+00:00 CRITICAL Call to undefined function qtranxf_getLanguage()

2018-05-14T09:10:05+00:00 CRITICAL Call to undefined function qtranxf_getLanguage()

2018-05-14T09:10:05+00:00 CRITICAL Call to undefined function qtranxf_getLanguage()

2018-05-14T09:10:05+00:00 CRITICAL Call to undefined function qtranxf_getLanguage()

2018-05-14T09:10:05+00:00 CRITICAL Call to undefined function qtranxf_getLanguage()

2018-05-14T09:10:07+00:00 CRITICAL Call to undefined function qtranxf_getLanguage()

2018-05-14T09:10:07+00:00 CRITICAL Call to undefined function qtranxf_getLanguage()

2018-05-14T09:10:07+00:00 CRITICAL Call to undefined function qtranxf_getLanguage()

2018-05-14T09:10:07+00:00 CRITICAL Call to undefined function qtranxf_getLanguage()

2018-05-14T09:10:07+00:00 CRITICAL Call to undefined function qtranxf_getLanguage()

2018-05-14T09:10:07+00:00 CRITICAL Call to undefined function qtranxf_getLanguage()

2018-05-14T09:10:07+00:00 CRITICAL Call to undefined function qtranxf_getLanguage()

2018-05-14T09:10:07+00:00 CRITICAL Call to undefined function qtranxf_getLanguage()

2018-05-14T09:10:08+00:00 CRITICAL Call to undefined function qtranxf_getLanguage()

2018-05-14T09:10:08+00:00 CRITICAL Call to undefined function qtranxf_getLanguage()

2018-05-14T09:10:08+00:00 CRITICAL Call to undefined function qtranxf_getLanguage()

2018-05-14T09:10:08+00:00 CRITICAL Call to undefined function qtranxf_getLanguage()

2018-05-14T09:10:09+00:00 CRITICAL Call to undefined function qtranxf_getLanguage()

2018-05-14T09:10:09+00:00 CRITICAL Call to undefined function qtranxf_getLanguage()

2018-05-14T09:10:09+00:00 CRITICAL Call to undefined function qtranxf_getLanguage()

2018-05-14T09:10:09+00:00 CRITICAL Call to undefined function qtranxf_getLanguage()

2018-05-14T09:10:09+00:00 CRITICAL Call to undefined function qtranxf_getLanguage()

2018-05-14T09:10:09+00:00 CRITICAL Call to undefined function qtranxf_getLanguage()

2018-05-14T09:10:09+00:00 CRITICAL Call to undefined function qtranxf_getLanguage()

2018-05-14T09:10:09+00:00 CRITICAL Call to undefined function qtranxf_getLanguage()

2018-05-14T09:10:11+00:00 CRITICAL Call to undefined function qtranxf_getLanguage()

2018-05-14T09:10:11+00:00 CRITICAL Call to undefined function qtranxf_getLanguage()

2018-05-14T09:10:11+00:00 CRITICAL Call to undefined function qtranxf_getLanguage()

2018-05-14T09:10:11+00:00 CRITICAL Call to undefined function qtranxf_getLanguage()

2018-05-14T09:10:11+00:00 CRITICAL Call to undefined function qtranxf_getLanguage()

2018-05-14T09:10:11+00:00 CRITICAL Call to undefined function qtranxf_getLanguage()

2018-05-14T09:10:11+00:00 CRITICAL Call to undefined function qtranxf_getLanguage()

2018-05-14T09:10:11+00:00 CRITICAL Call to undefined function qtranxf_getLanguage()

2018-05-14T09:10:11+00:00 CRITICAL Call to undefined function qtranxf_getLanguage()

2018-05-14T09:10:11+00:00 CRITICAL Call to undefined function qtranxf_getLanguage()

2018-05-14T09:10:11+00:00 CRITICAL Call to undefined function qtranxf_getLanguage()

2018-05-14T09:10:12+00:00 CRITICAL Call to undefined function qtranxf_getLanguage()

2018-05-14T09:10:13+00:00 CRITICAL Call to undefined function qtranxf_getLanguage()

2018-05-14T09:10:13+00:00 CRITICAL Call to undefined function qtranxf_getLanguage()

2018-05-14T09:10:13+00:00 CRITICAL Call to undefined function qtranxf_getLanguage()

2018-05-14T09:10:13+00:00 CRITICAL Call to undefined function qtranxf_getLanguage()

2018-05-14T09:10:13+00:00 CRITICAL Call to undefined function qtranxf_getLanguage()

2018-05-14T09:10:13+00:00 CRITICAL Call to undefined function qtranxf_getLanguage()

2018-05-14T09:10:14+00:00 CRITICAL Call to undefined function qtranxf_getLanguage()

2018-05-14T09:10:14+00:00 CRITICAL Call to undefined function qtranxf_getLanguage()

2018-05-14T09:10:14+00:00 CRITICAL Call to undefined function qtranxf_getLanguage()

2018-05-14T09:10:14+00:00 CRITICAL Call to undefined function qtranxf_getLanguage()

2018-05-14T09:10:14+00:00 CRITICAL Call to undefined function qtranxf_getLanguage()

2018-05-14T09:10:14+00:00 CRITICAL Call to undefined function qtranxf_getLanguage()

2018-05-14T09:10:16+00:00 CRITICAL Call to undefined function qtranxf_getLanguage()

2018-05-14T09:10:16+00:00 CRITICAL Call to undefined function qtranxf_getLanguage()

2018-05-14T09:10:16+00:00 CRITICAL Call to undefined function qtranxf_getLanguage()

2018-05-14T09:10:16+00:00 CRITICAL Call to undefined function qtranxf_getLanguage()

2018-05-14T09:10:16+00:00 CRITICAL Call to undefined function qtranxf_getLanguage()

2018-05-14T09:10:16+00:00 CRITICAL Call to undefined function qtranxf_getLanguage()

2018-05-14T09:10:16+00:00 CRITICAL Call to undefined function qtranxf_getLanguage()

2018-05-14T09:10:16+00:00 CRITICAL Call to undefined function qtranxf_getLanguage()

2018-05-14T09:10:16+00:00 CRITICAL Call to undefined function qtranxf_getLanguage()

2018-05-14T09:10:16+00:00 CRITICAL Call to undefined function qtranxf_getLanguage()

2018-05-14T09:10:16+00:00 CRITICAL Call to undefined function qtranxf_getLanguage()

2018-05-14T09:10:17+00:00 CRITICAL Call to undefined function qtranxf_getLanguage()

2018-05-14T09:10:19+00:00 CRITICAL Call to undefined function qtranxf_getLanguage()

2018-05-14T09:10:19+00:00 CRITICAL Call to undefined function qtranxf_getLanguage()

2018-05-14T09:10:19+00:00 CRITICAL Call to undefined function qtranxf_getLanguage()

2018-05-14T09:10:19+00:00 CRITICAL Call to undefined function qtranxf_getLanguage()

2018-05-14T09:10:19+00:00 CRITICAL Call to undefined function qtranxf_getLanguage()

2018-05-14T09:10:19+00:00 CRITICAL Call to undefined function qtranxf_getLanguage()

2018-05-14T09:10:19+00:00 CRITICAL Call to undefined function qtranxf_getLanguage()

2018-05-14T09:10:19+00:00 CRITICAL Call to undefined function qtranxf_getLanguage()

2018-05-14T09:10:19+00:00 CRITICAL Call to undefined function qtranxf_getLanguage()

2018-05-14T09:10:20+00:00 CRITICAL Call to undefined function qtranxf_getLanguage()

2018-05-14T09:10:20+00:00 CRITICAL Call to undefined function qtranxf_getLanguage()

2018-05-14T09:10:20+00:00 CRITICAL Call to undefined function qtranxf_getLanguage()

2018-05-14T09:10:21+00:00 CRITICAL Call to undefined function qtranxf_getLanguage()

2018-05-14T09:10:23+00:00 CRITICAL Call to undefined function qtranxf_getLanguage()

2018-05-14T09:10:23+00:00 CRITICAL Call to undefined function qtranxf_getLanguage()

2018-05-14T09:10:23+00:00 CRITICAL Call to undefined function qtranxf_getLanguage()

2018-05-14T09:10:24+00:00 CRITICAL Call to undefined function qtranxf_getLanguage()

2018-05-14T09:10:24+00:00 CRITICAL Call to undefined function qtranxf_getLanguage()

2018-05-14T09:10:25+00:00 CRITICAL Call to undefined function qtranxf_getLanguage()

2018-05-14T09:10:25+00:00 CRITICAL Call to undefined function qtranxf_getLanguage()

2018-05-14T09:10:25+00:00 CRITICAL Call to undefined function qtranxf_getLanguage()

2018-05-14T09:10:25+00:00 CRITICAL Call to undefined function qtranxf_getLanguage()

2018-05-14T09:10:25+00:00 CRITICAL Call to undefined function qtranxf_getLanguage()

2018-05-14T09:10:25+00:00 CRITICAL Call to undefined function qtranxf_getLanguage()

2018-05-14T09:10:26+00:00 CRITICAL Call to undefined function qtranxf_getLanguage()

2018-05-14T09:10:26+00:00 CRITICAL Call to undefined function qtranxf_getLanguage()

2018-05-14T09:10:26+00:00 CRITICAL Call to undefined function qtranxf_getLanguage()

2018-05-14T09:10:26+00:00 CRITICAL Call to undefined function qtranxf_getLanguage()

2018-05-14T09:10:26+00:00 CRITICAL Call to undefined function qtranxf_getLanguage()

2018-05-14T09:10:26+00:00 CRITICAL Call to undefined function qtranxf_getLanguage()

2018-05-14T09:10:26+00:00 CRITICAL Call to undefined function qtranxf_getLanguage()

2018-05-14T09:10:27+00:00 CRITICAL Call to undefined function qtranxf_getLanguage()

2018-05-14T09:10:27+00:00 CRITICAL Call to undefined function qtranxf_getLanguage()

2018-05-14T09:10:27+00:00 CRITICAL Call to undefined function qtranxf_getLanguage()

2018-05-14T09:10:27+00:00 CRITICAL Call to undefined function qtranxf_getLanguage()

2018-05-14T09:10:28+00:00 CRITICAL Call to undefined function qtranxf_getLanguage()

2018-05-14T09:10:28+00:00 CRITICAL Call to undefined function qtranxf_getLanguage()

2018-05-14T09:10:29+00:00 CRITICAL Call to undefined function qtranxf_getLanguage()

2018-05-14T09:10:29+00:00 CRITICAL Call to undefined function qtranxf_getLanguage()

2018-05-14T09:10:30+00:00 CRITICAL Call to undefined function qtranxf_getLanguage()

2018-05-14T09:10:30+00:00 CRITICAL Call to undefined function qtranxf_getLanguage()

2018-05-14T09:10:31+00:00 CRITICAL Call to undefined function qtranxf_getLanguage()

2018-05-14T09:10:31+00:00 CRITICAL Call to undefined function qtranxf_getLanguage()

2018-05-14T09:10:31+00:00 CRITICAL Call to undefined function qtranxf_getLanguage()

2018-05-14T09:10:32+00:00 CRITICAL Call to undefined function qtranxf_getLanguage()

2018-05-14T09:10:32+00:00 CRITICAL Call to undefined function qtranxf_getLanguage()

2018-05-14T09:10:32+00:00 CRITICAL Call to undefined function qtranxf_getLanguage()

2018-05-14T09:10:33+00:00 CRITICAL Call to undefined function qtranxf_getLanguage()

2018-05-14T09:10:33+00:00 CRITICAL Call to undefined function qtranxf_getLanguage()

2018-05-14T09:10:34+00:00 CRITICAL Call to undefined function qtranxf_getLanguage()

2018-05-14T09:10:34+00:00 CRITICAL Call to undefined function qtranxf_getLanguage()

2018-05-14T09:10:35+00:00 CRITICAL Call to undefined function qtranxf_getLanguage()

2018-05-14T09:10:35+00:00 CRITICAL Call to undefined function qtranxf_getLanguage()

2018-05-14T09:10:36+00:00 CRITICAL Call to undefined function qtranxf_getLanguage()

2018-05-14T09:10:36+00:00 CRITICAL Call to undefined function qtranxf_getLanguage()

2018-05-14T09:10:36+00:00 CRITICAL Call to undefined function qtranxf_getLanguage()

2018-05-14T09:10:37+00:00 CRITICAL Call to undefined function qtranxf_getLanguage()

2018-05-14T09:10:37+00:00 CRITICAL Call to undefined function qtranxf_getLanguage()

2018-05-14T09:10:37+00:00 CRITICAL Call to undefined function qtranxf_getLanguage()

2018-05-14T09:10:38+00:00 CRITICAL Call to undefined function qtranxf_getLanguage()

2018-05-14T09:10:39+00:00 CRITICAL Call to undefined function qtranxf_getLanguage()

2018-05-14T09:10:40+00:00 CRITICAL Call to undefined function qtranxf_getLanguage()

2018-05-14T09:10:40+00:00 CRITICAL Call to undefined function qtranxf_getLanguage()

2018-05-14T09:10:41+00:00 CRITICAL Call to undefined function qtranxf_getLanguage()

2018-05-14T09:10:47+00:00 CRITICAL Call to undefined function qtranxf_getLanguage()

2018-05-14T09:10:47+00:00 CRITICAL Call to undefined function qtranxf_getLanguage()

2018-05-14T09:10:47+00:00 CRITICAL Call to undefined function qtranxf_getLanguage()

2018-05-14T09:11:04+00:00 CRITICAL Call to undefined function qtranxf_getLanguage()

2018-05-14T09:11:04+00:00 CRITICAL Call to undefined function qtranxf_getLanguage()

2018-05-14T09:11:04+00:00 CRITICAL Call to undefined function qtranxf_getLanguage()

2018-05-14T09:11:04+00:00 CRITICAL Call to undefined function qtranxf_getLanguage()

2018-05-14T09:11:04+00:00 CRITICAL Call to undefined function qtranxf_getLanguage()

2018-05-14T09:11:04+00:00 CRITICAL Call to undefined function qtranxf_getLanguage()

2018-05-14T09:11:05+00:00 CRITICAL Call to undefined function qtranxf_getLanguage()

2018-05-14T09:11:05+00:00 CRITICAL Call to undefined function qtranxf_getLanguage()

2018-05-14T09:11:05+00:00 CRITICAL Call to undefined function qtranxf_getLanguage()

2018-05-14T09:11:05+00:00 CRITICAL Call to undefined function qtranxf_getLanguage()

2018-05-14T09:11:05+00:00 CRITICAL Call to undefined function qtranxf_getLanguage()

2018-05-14T09:11:05+00:00 CRITICAL Call to undefined function qtranxf_getLanguage()

2018-05-14T09:11:06+00:00 CRITICAL Call to undefined function qtranxf_getLanguage()

2018-05-14T09:11:07+00:00 CRITICAL Call to undefined function qtranxf_getLanguage()

2018-05-14T09:11:07+00:00 CRITICAL Call to undefined function qtranxf_getLanguage()

2018-05-14T09:11:07+00:00 CRITICAL Call to undefined function qtranxf_getLanguage()

2018-05-14T09:11:07+00:00 CRITICAL Call to undefined function qtranxf_getLanguage()

2018-05-14T09:11:07+00:00 CRITICAL Call to undefined function qtranxf_getLanguage()

2018-05-14T09:11:08+00:00 CRITICAL Call to undefined function qtranxf_getLanguage()

2018-05-14T09:11:08+00:00 CRITICAL Call to undefined function qtranxf_getLanguage()

2018-05-14T09:11:08+00:00 CRITICAL Call to undefined function qtranxf_getLanguage()

2018-05-14T09:11:08+00:00 CRITICAL Call to undefined function qtranxf_getLanguage()

2018-05-14T09:11:08+00:00 CRITICAL Call to undefined function qtranxf_getLanguage()

2018-05-14T09:11:08+00:00 CRITICAL Call to undefined function qtranxf_getLanguage()

2018-05-14T09:11:08+00:00 CRITICAL Call to undefined function qtranxf_getLanguage()

2018-05-14T09:11:08+00:00 CRITICAL Call to undefined function qtranxf_getLanguage()

2018-05-14T09:11:08+00:00 CRITICAL Call to undefined function qtranxf_getLanguage()

2018-05-14T09:11:09+00:00 CRITICAL Call to undefined function qtranxf_getLanguage()

2018-05-14T09:11:10+00:00 CRITICAL Call to undefined function qtranxf_getLanguage()

2018-05-14T09:11:11+00:00 CRITICAL Call to undefined function qtranxf_getLanguage()

2018-05-14T09:11:12+00:00 CRITICAL Call to undefined function qtranxf_getLanguage()

2018-05-14T09:11:12+00:00 CRITICAL Call to undefined function qtranxf_getLanguage()

2018-05-14T09:11:13+00:00 CRITICAL Call to undefined function qtranxf_getLanguage()

2018-05-14T09:11:14+00:00 CRITICAL Call to undefined function qtranxf_getLanguage()

2018-05-14T09:11:15+00:00 CRITICAL Call to undefined function qtranxf_getLanguage()

2018-05-14T09:11:16+00:00 CRITICAL Call to undefined function qtranxf_getLanguage()

2018-05-14T09:11:17+00:00 CRITICAL Call to undefined function qtranxf_getLanguage()

2018-05-14T09:11:17+00:00 CRITICAL Call to undefined function qtranxf_getLanguage()

2018-05-14T09:11:18+00:00 CRITICAL Call to undefined function qtranxf_getLanguage()

2018-05-14T09:11:19+00:00 CRITICAL Call to undefined function qtranxf_getLanguage()

2018-05-14T09:13:40+00:00 CRITICAL Call to undefined function qtranxf_getLanguage()

2018-05-14T09:13:41+00:00 CRITICAL Call to undefined function qtranxf_getLanguage()

2018-05-14T09:13:42+00:00 CRITICAL Call to undefined function qtranxf_getLanguage()

2018-05-14T09:13:50+00:00 CRITICAL Call to undefined function qtranxf_getLanguage()

2018-05-14T09:13:51+00:00 CRITICAL Call to undefined function qtranxf_getLanguage()

2018-05-14T09:13:52+00:00 CRITICAL Call to undefined function qtranxf_getLanguage()

2018-05-14T09:13:54+00:00 CRITICAL Call to undefined function qtranxf_getLanguage()

2018-05-14T09:13:55+00:00 CRITICAL Call to undefined function qtranxf_getLanguage()

2018-05-14T09:13:56+00:00 CRITICAL Call to undefined function qtranxf_getLanguage()

2018-05-14T09:14:00+00:00 CRITICAL Call to undefined function qtranxf_getLanguage()

2018-05-14T09:14:01+00:00 CRITICAL Call to undefined function qtranxf_getLanguage()

2018-05-14T09:15:34+00:00 CRITICAL Call to undefined function qtranxf_getLanguage()

2018-05-14T09:15:35+00:00 CRITICAL Call to undefined function qtranxf_getLanguage()

2018-05-14T09:15:35+00:00 CRITICAL Call to undefined function qtranxf_getLanguage()

2018-05-14T09:15:35+00:00 CRITICAL Call to undefined function qtranxf_getLanguage()

2018-05-14T09:15:36+00:00 CRITICAL Call to undefined function qtranxf_getLanguage()

2018-05-14T09:15:36+00:00 CRITICAL Call to undefined function qtranxf_getLanguage()

2018-05-14T09:15:36+00:00 CRITICAL Call to undefined function qtranxf_getLanguage()

2018-05-14T09:15:37+00:00 CRITICAL Call to undefined function qtranxf_getLanguage()

2018-05-14T09:15:37+00:00 CRITICAL Call to undefined function qtranxf_getLanguage()

2018-05-14T09:15:37+00:00 CRITICAL Call to undefined function qtranxf_getLanguage()

2018-05-14T09:15:38+00:00 CRITICAL Call to undefined function qtranxf_getLanguage()

2018-05-14T09:15:38+00:00 CRITICAL Call to undefined function qtranxf_getLanguage()

2018-05-14T09:15:40+00:00 CRITICAL Call to undefined function qtranxf_getLanguage()

2018-05-14T09:15:41+00:00 CRITICAL Call to undefined function qtranxf_getLanguage()

2018-05-14T09:15:43+00:00 CRITICAL Call to undefined function qtranxf_getLanguage()

2018-05-14T09:15:44+00:00 CRITICAL Call to undefined function qtranxf_getLanguage()

2018-05-14T09:15:46+00:00 CRITICAL Call to undefined function qtranxf_getLanguage()

2018-05-14T09:15:55+00:00 CRITICAL Call to undefined function qtranxf_getLanguage()

2018-05-14T09:15:55+00:00 CRITICAL Call to undefined function qtranxf_getLanguage()

2018-05-14T09:15:55+00:00 CRITICAL Call to undefined function qtranxf_getLanguage()

2018-05-14T09:16:22+00:00 CRITICAL Call to undefined function qtranxf_getLanguage()

2018-05-14T09:16:23+00:00 CRITICAL Call to undefined function qtranxf_getLanguage()

2018-05-14T09:16:23+00:00 CRITICAL Call to undefined function qtranxf_getLanguage()

2018-05-14T09:16:23+00:00 CRITICAL Call to undefined function qtranxf_getLanguage()

2018-05-14T09:17:40+00:00 CRITICAL Call to a member function have_posts() on null

2018-05-14T09:17:41+00:00 CRITICAL Call to undefined function qtranxf_getLanguage()

2018-05-14T09:17:41+00:00 CRITICAL Call to undefined function qtranxf_getLanguage()

2018-05-14T09:18:09+00:00 CRITICAL Call to undefined function qtranxf_getLanguage()

2018-05-14T09:18:09+00:00 CRITICAL Call to undefined function qtranxf_getLanguage()

2018-05-14T09:18:37+00:00 CRITICAL Call to undefined function qtranxf_getLanguage()

2018-05-14T09:18:38+00:00 CRITICAL Call to undefined function qtranxf_getLanguage()

2018-05-14T09:18:39+00:00 CRITICAL Call to undefined function qtranxf_getLanguage()

2018-05-14T09:18:39+00:00 CRITICAL Call to undefined function qtranxf_getLanguage()

2018-05-14T09:18:56+00:00 CRITICAL Call to undefined function qtranxf_getLanguage()

2018-05-14T09:18:56+00:00 CRITICAL Call to undefined function qtranxf_getLanguage()

2018-05-14T09:19:03+00:00 CRITICAL Call to undefined function qtranxf_getLanguage()

2018-05-14T09:19:04+00:00 CRITICAL Call to undefined function qtranxf_getLanguage()

2018-05-14T09:19:05+00:00 CRITICAL Call to undefined function qtranxf_getLanguage()

2018-05-14T09:19:32+00:00 CRITICAL Call to undefined function qtranxf_getLanguage()

2018-05-14T09:19:53+00:00 CRITICAL Call to undefined function qtranxf_getLanguage()

2018-05-14T09:19:57+00:00 CRITICAL Call to undefined function qtranxf_getLanguage()

2018-05-14T09:19:57+00:00 CRITICAL Call to undefined function qtranxf_getLanguage()

2018-05-14T09:20:27+00:00 CRITICAL Call to undefined function qtranxf_getLanguage()

2018-05-14T09:23:04+00:00 CRITICAL Call to undefined function qtranxf_getLanguage()

2018-05-14T09:29:34+00:00 CRITICAL Call to undefined function qtranxf_getLanguage()

2018-05-14T09:29:41+00:00 CRITICAL Call to undefined function qtranxf_getLanguage()

2018-05-14T09:30:35+00:00 CRITICAL Call to undefined function qtranxf_getLanguage()

2018-05-14T09:30:51+00:00 CRITICAL Call to undefined function qtranxf_getLanguage()

2018-05-14T09:31:16+00:00 CRITICAL Call to undefined function qtranxf_getLanguage()

2018-05-14T09:31:17+00:00 CRITICAL Call to undefined function qtranxf_getLanguage()

2018-05-14T09:31:18+00:00 CRITICAL Call to undefined function qtranxf_getLanguage()

2018-05-14T09:31:18+00:00 CRITICAL Call to undefined function qtranxf_getLanguage()

2018-05-14T09:31:45+00:00 CRITICAL Call to undefined function qtranxf_getLanguage()

2018-05-14T09:34:45+00:00 CRITICAL Call to undefined function qtranxf_getLanguage()

2018-05-14T09:35:45+00:00 CRITICAL Call to undefined function qtranxf_getLanguage()

2018-05-14T09:35:46+00:00 CRITICAL Call to undefined function qtranxf_getLanguage()

2018-05-14T09:35:48+00:00 CRITICAL Call to undefined function qtranxf_getLanguage()

2018-05-14T09:35:50+00:00 CRITICAL Call to undefined function qtranxf_getLanguage()

2018-05-14T09:35:52+00:00 CRITICAL Call to undefined function qtranxf_getLanguage()

2018-05-14T09:35:53+00:00 CRITICAL Call to undefined function qtranxf_getLanguage()

2018-05-14T09:35:55+00:00 CRITICAL Call to undefined function qtranxf_getLanguage()

2018-05-14T09:44:20+00:00 CRITICAL Call to undefined function qtranxf_getLanguage()

2018-05-14T10:11:45+00:00 CRITICAL Call to undefined function qtranxf_getLanguage()

2018-05-14T10:15:56+00:00 CRITICAL Call to undefined function qtranxf_getLanguage()

2018-05-14T10:16:48+00:00 CRITICAL Call to undefined function qtranxf_getLanguage()

2018-05-14T10:16:53+00:00 CRITICAL Call to undefined function qtranxf_getLanguage()

2018-05-14T10:16:54+00:00 CRITICAL Call to undefined function qtranxf_getLanguage()

2018-05-14T10:16:55+00:00 CRITICAL Call to undefined function qtranxf_getLanguage()

2018-05-14T10:16:57+00:00 CRITICAL Call to undefined function qtranxf_getLanguage()

2018-05-14T10:16:57+00:00 CRITICAL Call to undefined function qtranxf_getLanguage()

2018-05-14T10:16:58+00:00 CRITICAL Call to undefined function qtranxf_getLanguage()

2018-05-14T10:16:59+00:00 CRITICAL Call to undefined function qtranxf_getLanguage()

2018-05-14T10:16:59+00:00 CRITICAL Call to undefined function qtranxf_getLanguage()

2018-05-14T10:17:00+00:00 CRITICAL Call to undefined function qtranxf_getLanguage()

2018-05-14T10:17:01+00:00 CRITICAL Call to undefined function qtranxf_getLanguage()

2018-05-14T10:17:01+00:00 CRITICAL Call to undefined function qtranxf_getLanguage()

2018-05-14T10:19:07+00:00 CRITICAL Call to undefined function qtranxf_getLanguage()

2018-05-14T10:21:46+00:00 CRITICAL Call to undefined function qtranxf_getLanguage()

2018-05-14T10:23:24+00:00 CRITICAL Call to undefined function qtranxf_getLanguage()

2018-05-14T10:25:44+00:00 CRITICAL Call to undefined function qtranxf_getLanguage()

2018-05-14T10:26:42+00:00 CRITICAL Call to undefined function qtranxf_getLanguage()

2018-05-14T10:26:43+00:00 CRITICAL Call to undefined function qtranxf_getLanguage()

2018-05-14T10:26:53+00:00 CRITICAL Call to undefined function qtranxf_getLanguage()

2018-05-14T10:28:10+00:00 CRITICAL Call to undefined function qtranxf_getLanguage()

2018-05-14T10:28:10+00:00 CRITICAL Call to undefined function qtranxf_getLanguage()

2018-05-14T10:28:10+00:00 CRITICAL Call to undefined function qtranxf_getLanguage()

2018-05-14T10:28:10+00:00 CRITICAL Call to undefined function qtranxf_getLanguage()

2018-05-14T10:28:10+00:00 CRITICAL Call to undefined function qtranxf_getLanguage()

2018-05-14T10:28:16+00:00 CRITICAL Call to undefined function qtranxf_getLanguage()

2018-05-14T10:30:07+00:00 CRITICAL Call to undefined function qtranxf_getLanguage()

2018-05-14T10:41:41+00:00 CRITICAL Call to undefined function qtranxf_getLanguage()

2018-05-14T10:41:43+00:00 CRITICAL Call to undefined function qtranxf_getLanguage()

2018-05-14T10:41:45+00:00 CRITICAL Call to undefined function qtranxf_getLanguage()

2018-05-14T10:42:09+00:00 CRITICAL Call to undefined function qtranxf_getLanguage()

2018-05-14T10:42:25+00:00 CRITICAL Call to undefined function qtranxf_getLanguage()

2018-05-14T10:42:44+00:00 CRITICAL Call to undefined function qtranxf_getLanguage()

2018-05-14T10:45:42+00:00 CRITICAL Call to undefined function qtranxf_getLanguage()

2018-05-14T10:46:37+00:00 CRITICAL Call to undefined function qtranxf_getLanguage()

2018-05-14T10:46:48+00:00 CRITICAL Call to undefined function qtranxf_getLanguage()

2018-05-14T10:47:11+00:00 CRITICAL Call to undefined function qtranxf_getLanguage()

2018-05-14T10:51:29+00:00 CRITICAL Call to undefined function qtranxf_getLanguage()

2018-05-14T10:51:29+00:00 CRITICAL Call to undefined function qtranxf_getLanguage()

2018-05-14T10:53:44+00:00 CRITICAL Call to undefined function qtranxf_getLanguage()

2018-05-14T10:55:24+00:00 CRITICAL Call to undefined function get_the_excerpt_id()

2018-05-14T10:55:26+00:00 CRITICAL Call to undefined function qtranxf_getLanguage()

2018-05-14T10:55:51+00:00 CRITICAL Call to undefined function qtranxf_getLanguage()

2018-05-14T10:56:03+00:00 CRITICAL Call to undefined function qtranxf_getLanguage()

2018-05-14T10:57:14+00:00 CRITICAL Call to undefined function qtranxf_getLanguage()

2018-05-14T11:01:06+00:00 CRITICAL Call to undefined function qtranxf_getLanguage()

2018-05-14T11:01:09+00:00 CRITICAL Call to undefined function qtranxf_getLanguage()

2018-05-14T11:01:24+00:00 CRITICAL Call to undefined function qtranxf_getLanguage()

2018-05-14T11:01:25+00:00 CRITICAL Call to undefined function qtranxf_getLanguage()

2018-05-14T11:01:48+00:00 CRITICAL Call to undefined function qtranxf_getLanguage()

2018-05-14T11:03:30+00:00 CRITICAL Call to undefined function qtranxf_getLanguage()

2018-05-14T11:08:03+00:00 CRITICAL Call to undefined function qtranxf_getLanguage()

2018-05-14T11:08:03+00:00 CRITICAL Call to undefined function qtranxf_getLanguage()

2018-05-14T11:08:03+00:00 CRITICAL Call to undefined function qtranxf_getLanguage()

2018-05-14T11:08:03+00:00 CRITICAL Call to undefined function qtranxf_getLanguage()

2018-05-14T11:08:03+00:00 CRITICAL Call to undefined function qtranxf_getLanguage()

2018-05-14T11:11:28+00:00 CRITICAL Call to undefined function qtranxf_getLanguage()

2018-05-14T11:11:28+00:00 CRITICAL Call to undefined function qtranxf_getLanguage()

2018-05-14T11:11:29+00:00 CRITICAL Call to undefined function qtranxf_getLanguage()

2018-05-14T11:11:29+00:00 CRITICAL Call to undefined function qtranxf_getLanguage()

2018-05-14T11:11:29+00:00 CRITICAL Call to undefined function qtranxf_getLanguage()

2018-05-14T11:11:44+00:00 CRITICAL Call to undefined function qtranxf_getLanguage()

2018-05-14T11:11:44+00:00 CRITICAL Call to undefined function qtranxf_getLanguage()

2018-05-14T11:11:44+00:00 CRITICAL Call to undefined function qtranxf_getLanguage()

2018-05-14T11:11:44+00:00 CRITICAL Call to undefined function qtranxf_getLanguage()

2018-05-14T11:11:44+00:00 CRITICAL Call to undefined function qtranxf_getLanguage()

2018-05-14T11:11:56+00:00 CRITICAL Call to undefined function qtranxf_getLanguage()

2018-05-14T11:11:56+00:00 CRITICAL Call to undefined function qtranxf_getLanguage()

2018-05-14T11:11:57+00:00 CRITICAL Call to undefined function qtranxf_getLanguage()

2018-05-14T11:11:57+00:00 CRITICAL Call to undefined function qtranxf_getLanguage()

2018-05-14T11:11:57+00:00 CRITICAL Call to undefined function qtranxf_getLanguage()

2018-05-14T11:12:28+00:00 CRITICAL Call to undefined function qtranxf_getLanguage()

2018-05-14T11:12:28+00:00 CRITICAL Call to undefined function qtranxf_getLanguage()

2018-05-14T11:12:28+00:00 CRITICAL Call to undefined function qtranxf_getLanguage()

2018-05-14T11:12:28+00:00 CRITICAL Call to undefined function qtranxf_getLanguage()

2018-05-14T11:12:29+00:00 CRITICAL Call to undefined function qtranxf_getLanguage()

2018-05-14T11:12:50+00:00 CRITICAL Call to undefined function qtranxf_getLanguage()

2018-05-14T11:12:50+00:00 CRITICAL Call to undefined function qtranxf_getLanguage()

2018-05-14T11:12:50+00:00 CRITICAL Call to undefined function qtranxf_getLanguage()

2018-05-14T11:12:50+00:00 CRITICAL Call to undefined function qtranxf_getLanguage()

2018-05-14T11:12:50+00:00 CRITICAL Call to undefined function qtranxf_getLanguage()

2018-05-14T11:13:01+00:00 CRITICAL Call to undefined function qtranxf_getLanguage()

2018-05-14T11:13:01+00:00 CRITICAL Call to undefined function qtranxf_getLanguage()

2018-05-14T11:13:02+00:00 CRITICAL Call to undefined function qtranxf_getLanguage()

2018-05-14T11:13:02+00:00 CRITICAL Call to undefined function qtranxf_getLanguage()

2018-05-14T11:13:02+00:00 CRITICAL Call to undefined function qtranxf_getLanguage()

2018-05-14T11:13:20+00:00 CRITICAL Call to undefined function qtranxf_getLanguage()

2018-05-14T11:13:21+00:00 CRITICAL Call to undefined function qtranxf_getLanguage()

2018-05-14T11:13:21+00:00 CRITICAL Call to undefined function qtranxf_getLanguage()

2018-05-14T11:13:21+00:00 CRITICAL Call to undefined function qtranxf_getLanguage()

2018-05-14T11:13:21+00:00 CRITICAL Call to undefined function qtranxf_getLanguage()

2018-05-14T11:13:52+00:00 CRITICAL Call to undefined function qtranxf_getLanguage()

2018-05-14T11:13:52+00:00 CRITICAL Call to undefined function qtranxf_getLanguage()

2018-05-14T11:13:52+00:00 CRITICAL Call to undefined function qtranxf_getLanguage()

2018-05-14T11:13:52+00:00 CRITICAL Call to undefined function qtranxf_getLanguage()

2018-05-14T11:16:06+00:00 CRITICAL Call to undefined function qtranxf_getLanguage()

2018-05-14T11:18:03+00:00 CRITICAL Call to undefined function qtranxf_getLanguage()

2018-05-14T11:19:46+00:00 CRITICAL Call to undefined function qtranxf_getLanguage()

2018-05-14T11:20:08+00:00 CRITICAL Call to undefined function qtranxf_getLanguage()

2018-05-14T11:20:14+00:00 CRITICAL Call to undefined function qtranxf_getLanguage()

2018-05-14T11:20:17+00:00 CRITICAL Call to undefined function qtranxf_getLanguage()

2018-05-14T11:20:17+00:00 CRITICAL Call to undefined function qtranxf_getLanguage()

2018-05-14T11:20:21+00:00 CRITICAL Call to undefined function qtranxf_getLanguage()

2018-05-14T11:20:21+00:00 CRITICAL Call to undefined function qtranxf_getLanguage()

2018-05-14T11:20:24+00:00 CRITICAL Call to undefined function qtranxf_getLanguage()

2018-05-14T11:20:29+00:00 CRITICAL Call to undefined function qtranxf_getLanguage()

2018-05-14T11:22:17+00:00 CRITICAL Call to undefined function qtranxf_getLanguage()

2018-05-14T11:22:58+00:00 CRITICAL Call to undefined function qtranxf_getLanguage()

2018-05-14T11:23:02+00:00 CRITICAL Call to undefined function qtranxf_getLanguage()

2018-05-14T11:23:05+00:00 CRITICAL Call to undefined function qtranxf_getLanguage()

2018-05-14T11:23:54+00:00 CRITICAL Call to undefined function qtranxf_getLanguage()

2018-05-14T11:23:58+00:00 CRITICAL Call to undefined function qtranxf_getLanguage()

2018-05-14T11:41:42+00:00 CRITICAL Call to undefined function qtranxf_getLanguage()

2018-05-14T11:41:52+00:00 CRITICAL Call to undefined function qtranxf_getLanguage()

2018-05-14T11:41:59+00:00 CRITICAL Call to undefined function qtranxf_getLanguage()

2018-05-14T11:42:02+00:00 CRITICAL Call to undefined function qtranxf_getLanguage()

2018-05-14T11:42:03+00:00 CRITICAL Call to undefined function qtranxf_getLanguage()

2018-05-14T11:42:04+00:00 CRITICAL Call to undefined function qtranxf_getLanguage()

2018-05-14T11:42:07+00:00 CRITICAL Call to undefined function qtranxf_getLanguage()

2018-05-14T11:54:39+00:00 CRITICAL Call to undefined function qtranxf_getLanguage()

2018-05-14T11:55:26+00:00 CRITICAL Call to undefined function qtranxf_getLanguage()

2018-05-14T11:55:29+00:00 CRITICAL Call to undefined function qtranxf_getLanguage()

2018-05-14T11:55:54+00:00 CRITICAL Call to undefined function qtranxf_getLanguage()

2018-05-14T11:55:55+00:00 CRITICAL Call to undefined function qtranxf_getLanguage()

2018-05-14T11:57:03+00:00 CRITICAL Call to undefined function qtranxf_getLanguage()

2018-05-14T11:57:06+00:00 CRITICAL Call to undefined function qtranxf_getLanguage()

2018-05-14T11:59:47+00:00 CRITICAL Call to undefined function qtranxf_getLanguage()

2018-05-14T12:00:09+00:00 CRITICAL Call to undefined function qtranxf_getLanguage()

2018-05-14T12:01:07+00:00 CRITICAL Call to undefined function qtranxf_getLanguage()

2018-05-14T12:01:40+00:00 CRITICAL Call to undefined function qtranxf_getLanguage()

2018-05-14T13:32:48+00:00 CRITICAL Call to undefined function qtranxf_getLanguage()

2018-05-14T13:32:50+00:00 CRITICAL Call to undefined function qtranxf_getLanguage()

2018-05-14T13:34:33+00:00 CRITICAL Call to undefined function qtranxf_getLanguage()

2018-05-14T13:42:14+00:00 CRITICAL Call to undefined function qtranxf_getLanguage()

2018-05-14T13:42:16+00:00 CRITICAL Call to undefined function qtranxf_getLanguage()

2018-05-14T13:42:17+00:00 CRITICAL Call to undefined function qtranxf_getLanguage()

2018-05-14T13:42:18+00:00 CRITICAL Call to undefined function qtranxf_getLanguage()

2018-05-14T13:42:19+00:00 CRITICAL Call to undefined function qtranxf_getLanguage()

2018-05-14T13:42:22+00:00 CRITICAL Call to undefined function qtranxf_getLanguage()

2018-05-14T13:42:32+00:00 CRITICAL Call to undefined function qtranxf_getLanguage()

2018-05-14T13:42:35+00:00 CRITICAL Call to undefined function qtranxf_getLanguage()

2018-05-14T13:48:36+00:00 CRITICAL Call to undefined function qtranxf_getLanguage()

2018-05-14T13:58:11+00:00 CRITICAL Call to undefined function qtranxf_getLanguage()

2018-05-14T13:58:53+00:00 CRITICAL Call to undefined function qtranxf_getLanguage()

2018-05-14T13:59:29+00:00 CRITICAL Call to undefined function qtranxf_getLanguage()

2018-05-14T13:59:45+00:00 CRITICAL Call to undefined function qtranxf_getLanguage()

2018-05-14T14:24:46+00:00 CRITICAL Call to undefined function qtranxf_getLanguage()

2018-05-14T14:24:51+00:00 CRITICAL Call to undefined function qtranxf_getLanguage()

2018-05-14T14:27:02+00:00 CRITICAL Call to undefined function qtranxf_getLanguage()

2018-05-14T14:30:19+00:00 CRITICAL Call to undefined function qtranxf_getLanguage()

2018-05-14T14:30:20+00:00 CRITICAL Call to undefined function qtranxf_getLanguage()

2018-05-14T14:30:44+00:00 CRITICAL Call to undefined function qtranxf_getLanguage()

2018-05-14T14:35:12+00:00 CRITICAL Call to undefined function qtranxf_getLanguage()

2018-05-14T14:35:36+00:00 CRITICAL Call to undefined function qtranxf_getLanguage()

2018-05-14T14:37:09+00:00 CRITICAL Call to undefined function qtranxf_getLanguage()

2018-05-14T14:38:33+00:00 CRITICAL Call to undefined function qtranxf_getLanguage()

2018-05-14T14:38:49+00:00 CRITICAL Call to undefined function qtranxf_getLanguage()

2018-05-14T14:43:16+00:00 CRITICAL Call to undefined function qtranxf_getLanguage()

2018-05-14T14:44:08+00:00 CRITICAL Call to undefined function qtranxf_getLanguage()

2018-05-14T14:44:12+00:00 CRITICAL Call to undefined function qtranxf_getLanguage()

2018-05-14T14:45:11+00:00 CRITICAL Call to undefined function qtranxf_getLanguage()

2018-05-14T14:48:14+00:00 CRITICAL Call to undefined function qtranxf_getLanguage()

2018-05-14T14:48:25+00:00 CRITICAL Call to undefined function qtranxf_getLanguage()

2018-05-14T15:12:16+00:00 CRITICAL Call to undefined function qtranxf_getLanguage()

2018-05-14T15:12:20+00:00 CRITICAL Call to undefined function qtranxf_getLanguage()

2018-05-14T15:15:50+00:00 CRITICAL Call to undefined function qtranxf_getLanguage()

2018-05-14T15:19:52+00:00 CRITICAL Call to undefined function qtranxf_getLanguage()

2018-05-14T15:20:35+00:00 CRITICAL Call to undefined function qtranxf_getLanguage()

2018-05-14T15:20:52+00:00 CRITICAL Call to undefined function qtranxf_getLanguage()

2018-05-14T15:21:49+00:00 CRITICAL Call to undefined function qtranxf_getLanguage()

2018-05-14T15:21:49+00:00 CRITICAL Call to undefined function qtranxf_getLanguage()

2018-05-14T15:22:09+00:00 CRITICAL Call to undefined function qtranxf_getLanguage()

2018-05-14T15:24:27+00:00 CRITICAL Call to undefined function qtranxf_getLanguage()

2018-05-14T15:29:57+00:00 CRITICAL Call to undefined function qtranxf_getLanguage()

2018-05-14T15:50:50+00:00 CRITICAL Call to undefined function qtranxf_getLanguage()

2018-05-14T15:53:02+00:00 CRITICAL Call to undefined function qtranxf_getLanguage()

2018-05-14T15:54:02+00:00 CRITICAL Call to undefined function qtranxf_getLanguage()

2018-05-14T15:55:23+00:00 CRITICAL Call to undefined function qtranxf_getLanguage()

2018-05-14T15:58:09+00:00 CRITICAL Call to undefined function qtranxf_getLanguage()

2018-05-14T15:58:24+00:00 CRITICAL Call to undefined function qtranxf_getLanguage()

2018-05-14T15:58:40+00:00 CRITICAL Call to undefined function qtranxf_getLanguage()

2018-05-14T16:00:25+00:00 CRITICAL Call to undefined function qtranxf_getLanguage()

2018-05-14T16:00:39+00:00 CRITICAL Call to undefined function qtranxf_getLanguage()

2018-05-14T16:00:48+00:00 CRITICAL Call to undefined function qtranxf_getLanguage()

2018-05-14T16:01:26+00:00 CRITICAL Call to undefined function qtranxf_getLanguage()

2018-05-14T16:03:05+00:00 CRITICAL Call to undefined function qtranxf_getLanguage()

2018-05-14T16:04:36+00:00 CRITICAL Call to undefined function qtranxf_getLanguage()

2018-05-14T16:05:05+00:00 CRITICAL Call to undefined function qtranxf_getLanguage()

2018-05-14T16:05:57+00:00 CRITICAL Call to undefined function qtranxf_getLanguage()

2018-05-14T16:06:18+00:00 CRITICAL Call to undefined function qtranxf_getLanguage()

2018-05-14T16:08:56+00:00 CRITICAL Call to undefined function qtranxf_getLanguage()

2018-05-14T16:10:02+00:00 CRITICAL Call to undefined function qtranxf_getLanguage()

2018-05-14T16:11:16+00:00 CRITICAL Call to undefined function qtranxf_getLanguage()

2018-05-14T16:13:21+00:00 CRITICAL Call to undefined function qtranxf_getLanguage()

2018-05-14T16:14:21+00:00 CRITICAL Call to undefined function qtranxf_getLanguage()

2018-05-14T16:37:35+00:00 CRITICAL Call to undefined function qtranxf_getLanguage()

2018-05-14T16:58:57+00:00 CRITICAL Call to undefined function qtranxf_getLanguage()

2018-05-14T16:58:58+00:00 CRITICAL Call to undefined function qtranxf_getLanguage()

2018-05-14T16:59:01+00:00 CRITICAL Call to undefined function qtranxf_getLanguage()

2018-05-14T16:59:02+00:00 CRITICAL Call to undefined function qtranxf_getLanguage()

2018-05-15T15:08:40+00:00 CRITICAL Call to undefined function qtranxf_getLanguage()

2018-05-15T15:16:44+00:00 CRITICAL Call to undefined function qtranxf_getLanguage()

2018-05-15T15:18:05+00:00 CRITICAL Call to undefined function qtranxf_getLanguage()

2018-05-15T15:22:23+00:00 CRITICAL Call to undefined function qtranxf_getLanguage()

2018-05-15T15:25:33+00:00 CRITICAL Call to undefined function qtranxf_getLanguage()

2018-05-15T15:26:29+00:00 CRITICAL Call to undefined function qtranxf_getLanguage()

2018-05-15T15:36:49+00:00 CRITICAL Call to undefined function qtranxf_getLanguage()

2018-05-15T15:49:36+00:00 CRITICAL Call to undefined function qtranxf_getLanguage()

2018-05-15T15:50:31+00:00 CRITICAL Call to undefined function qtranxf_getLanguage()

2018-05-15T16:04:29+00:00 CRITICAL Call to undefined function qtranxf_getLanguage()

2018-05-15T16:04:30+00:00 CRITICAL Call to undefined function qtranxf_getLanguage()

2018-05-15T16:04:33+00:00 CRITICAL Call to undefined function qtranxf_getLanguage()

2018-05-15T16:04:34+00:00 CRITICAL Call to undefined function qtranxf_getLanguage()

2018-05-15T16:04:36+00:00 CRITICAL Call to undefined function qtranxf_getLanguage()

2018-05-15T16:06:45+00:00 CRITICAL Call to undefined function qtranxf_getLanguage()

2018-05-15T16:06:45+00:00 CRITICAL Call to undefined function qtranxf_getLanguage()

2018-05-15T16:07:59+00:00 CRITICAL Call to undefined function qtranxf_getLanguage()

2018-05-15T16:08:23+00:00 CRITICAL Call to undefined function qtranxf_getLanguage()

2018-05-15T16:08:27+00:00 CRITICAL Call to undefined function qtranxf_getLanguage()

2018-05-15T16:08:34+00:00 CRITICAL Call to undefined function qtranxf_getLanguage()

2018-05-15T16:08:35+00:00 CRITICAL Call to undefined function qtranxf_getLanguage()

2018-05-15T16:09:18+00:00 CRITICAL Call to undefined function qtranxf_getLanguage()

2018-05-15T16:09:26+00:00 CRITICAL Call to undefined function qtranxf_getLanguage()

2018-05-18T10:13:07+00:00 CRITICAL Call to undefined function qtranxf_getLanguage()

2018-05-18T10:13:17+00:00 CRITICAL Call to undefined function qtranxf_getLanguage()

2018-05-18T10:13:38+00:00 CRITICAL Call to undefined function qtranxf_getLanguage()

2018-05-18T10:16:47+00:00 CRITICAL Call to undefined function qtranxf_getLanguage()

2018-05-18T10:22:48+00:00 CRITICAL Call to undefined function qtranxf_getLanguage()

2018-05-18T10:22:49+00:00 CRITICAL Call to undefined function qtranxf_getLanguage()

2018-05-18T10:23:41+00:00 CRITICAL Call to undefined function qtranxf_getLanguage()

2018-05-18T10:23:44+00:00 CRITICAL Call to undefined function qtranxf_getLanguage()

2018-05-18T10:29:50+00:00 CRITICAL Call to undefined function qtranxf_getLanguage()

2018-05-18T10:38:57+00:00 CRITICAL Call to undefined function qtranxf_getLanguage()

2018-05-18T10:39:42+00:00 CRITICAL Call to undefined function qtranxf_getLanguage()

2018-05-18T10:40:16+00:00 CRITICAL Call to undefined function qtranxf_getLanguage()

2018-05-18T10:41:05+00:00 CRITICAL Call to undefined function qtranxf_getLanguage()

2018-05-18T10:42:59+00:00 CRITICAL Call to undefined function qtranxf_getLanguage()

2018-05-18T10:43:48+00:00 CRITICAL Call to undefined function qtranxf_getLanguage()

2018-05-18T10:45:36+00:00 CRITICAL Call to undefined function qtranxf_getLanguage()

2018-05-18T10:47:32+00:00 CRITICAL Call to undefined function qtranxf_getLanguage()

2018-05-18T10:48:06+00:00 CRITICAL Call to undefined function qtranxf_getLanguage()

2018-05-18T10:48:22+00:00 CRITICAL Call to undefined function qtranxf_getLanguage()

2018-05-18T10:48:40+00:00 CRITICAL Call to undefined function qtranxf_getLanguage()

2018-05-18T10:49:16+00:00 CRITICAL Call to undefined function qtranxf_getLanguage()

2018-05-18T10:50:59+00:00 CRITICAL Call to undefined function qtranxf_getLanguage()

2018-05-18T10:51:47+00:00 CRITICAL Call to undefined function qtranxf_getLanguage()

2018-05-18T10:52:37+00:00 CRITICAL Call to undefined function qtranxf_getLanguage()

2018-05-18T10:56:08+00:00 CRITICAL Call to undefined function qtranxf_getLanguage()

2018-05-18T10:57:25+00:00 CRITICAL Call to undefined function qtranxf_getLanguage()

2018-05-18T10:58:00+00:00 CRITICAL Call to undefined function qtranxf_getLanguage()

2018-05-18T10:58:34+00:00 CRITICAL Call to undefined function qtranxf_getLanguage()

2018-05-18T22:01:11+00:00 CRITICAL Call to undefined function qtranxf_getLanguage()

2018-05-18T22:04:09+00:00 CRITICAL Call to undefined function qtranxf_getLanguage()

2018-05-18T22:04:14+00:00 CRITICAL Call to undefined function qtranxf_getLanguage()

2018-05-18T22:04:23+00:00 CRITICAL Call to undefined function qtranxf_getLanguage()

2018-05-18T22:13:43+00:00 CRITICAL Call to undefined function qtranxf_getLanguage()

2018-05-18T22:15:07+00:00 CRITICAL Call to undefined function qtranxf_getLanguage()

2018-05-18T22:15:27+00:00 CRITICAL Call to undefined function qtranxf_getLanguage()

2018-05-18T22:16:01+00:00 CRITICAL Call to undefined function qtranxf_getLanguage()

2018-05-18T22:16:56+00:00 CRITICAL Call to undefined function qtranxf_getLanguage()

2018-05-18T22:18:43+00:00 CRITICAL Call to undefined function qtranxf_getLanguage()

2018-05-18T22:18:46+00:00 CRITICAL Call to undefined function qtranxf_getLanguage()

2018-05-18T22:20:23+00:00 CRITICAL Call to undefined function qtranxf_getLanguage()

2018-05-18T22:43:27+00:00 CRITICAL Call to undefined function qtranxf_getLanguage()

2018-05-24T09:59:50+00:00 CRITICAL Call to undefined function qtranxf_getLanguage()

2018-05-24T10:33:50+00:00 CRITICAL Call to undefined function qtranxf_getLanguage()

2018-05-24T10:33:52+00:00 CRITICAL Call to undefined function qtranxf_getLanguage()

2018-05-24T14:00:12+00:00 CRITICAL Call to undefined function qtranxf_getLanguage()

2018-05-24T14:00:19+00:00 CRITICAL Call to undefined function qtranxf_getLanguage()

2018-05-24T14:00:22+00:00 CRITICAL Call to undefined function qtranxf_getLanguage()

2018-05-24T14:00:25+00:00 CRITICAL Call to undefined function qtranxf_getLanguage()

2018-05-24T14:00:26+00:00 CRITICAL Call to undefined function qtranxf_getLanguage()

2018-05-24T14:16:27+00:00 CRITICAL Call to undefined function qtranxf_getLanguage()

2018-05-24T14:16:28+00:00 CRITICAL Call to undefined function qtranxf_getLanguage()

2018-05-24T14:16:32+00:00 CRITICAL Call to undefined function qtranxf_getLanguage()

2018-05-24T14:16:34+00:00 CRITICAL Call to undefined function qtranxf_getLanguage()

2018-05-24T14:16:36+00:00 CRITICAL Call to undefined function qtranxf_getLanguage()

2018-05-24T14:16:39+00:00 CRITICAL Call to undefined function qtranxf_getLanguage()

2018-05-24T14:25:43+00:00 CRITICAL Call to undefined function qtranxf_getLanguage()

2018-05-24T14:29:54+00:00 CRITICAL Call to undefined function qtranxf_getLanguage()

2018-05-24T14:30:08+00:00 CRITICAL Call to undefined function qtranxf_getLanguage()

2018-05-24T14:30:08+00:00 CRITICAL Call to undefined function qtranxf_getLanguage()

2018-05-24T14:30:44+00:00 CRITICAL Call to undefined function qtranxf_getLanguage()

2018-05-24T14:31:31+00:00 CRITICAL Call to undefined function qtranxf_getLanguage()

2018-05-24T14:35:02+00:00 CRITICAL Call to undefined function qtranxf_getLanguage()

2018-05-24T14:38:40+00:00 CRITICAL Call to undefined function qtranxf_getLanguage()

2018-05-24T14:38:54+00:00 CRITICAL Call to undefined function qtranxf_getLanguage()

2018-05-24T14:39:37+00:00 CRITICAL Call to undefined function qtranxf_getLanguage()

2018-05-24T14:39:38+00:00 CRITICAL Call to undefined function qtranxf_getLanguage()

2018-05-24T14:43:22+00:00 CRITICAL Call to undefined function qtranxf_getLanguage()

2018-05-24T14:44:13+00:00 CRITICAL Call to undefined function qtranxf_getLanguage()

2018-05-24T14:45:19+00:00 CRITICAL Call to undefined function qtranxf_getLanguage()

2018-05-24T14:49:22+00:00 CRITICAL Call to undefined function qtranxf_getLanguage()

2018-05-24T15:10:50+00:00 CRITICAL Call to undefined function qtranxf_getLanguage()

2018-05-24T15:10:50+00:00 CRITICAL Call to undefined function qtranxf_getLanguage()

2018-05-24T15:10:53+00:00 CRITICAL Call to undefined function qtranxf_getLanguage()

2018-05-24T15:10:57+00:00 CRITICAL Call to undefined function qtranxf_getLanguage()

2018-05-24T15:11:48+00:00 CRITICAL Call to undefined function qtranxf_getLanguage()

2018-05-24T15:12:09+00:00 CRITICAL Call to undefined function qtranxf_getLanguage()

2018-05-24T15:13:30+00:00 CRITICAL Call to undefined function qtranxf_getLanguage()

2018-05-24T15:14:05+00:00 CRITICAL Call to undefined function qtranxf_getLanguage()

2018-05-24T15:14:14+00:00 CRITICAL Call to undefined function qtranxf_getLanguage()

2018-05-24T15:14:18+00:00 CRITICAL Call to undefined function qtranxf_getLanguage()

2018-05-24T15:14:24+00:00 CRITICAL Call to undefined function qtranxf_getLanguage()

2018-05-24T15:14:24+00:00 CRITICAL Call to undefined function qtranxf_getLanguage()

2018-05-24T15:14:53+00:00 CRITICAL Call to undefined function qtranxf_getLanguage()

2018-05-24T15:14:56+00:00 CRITICAL Call to undefined function qtranxf_getLanguage()

2018-05-24T15:15:00+00:00 CRITICAL Call to undefined function qtranxf_getLanguage()

2018-05-24T15:15:06+00:00 CRITICAL Call to undefined function qtranxf_getLanguage()

2018-05-24T15:16:48+00:00 CRITICAL Call to undefined function qtranxf_getLanguage()

2018-05-24T15:16:49+00:00 CRITICAL Call to undefined function qtranxf_getLanguage()

2018-05-24T15:21:27+00:00 CRITICAL Call to a member function have_posts() on null

2018-05-24T15:21:40+00:00 CRITICAL Call to a member function have_posts() on null

2018-05-24T15:49:26+00:00 CRITICAL Call to undefined function qtranxf_getLanguage()

2018-05-24T17:49:41+00:00 CRITICAL Call to undefined function qtranxf_getLanguage()

2018-05-24T17:49:56+00:00 CRITICAL Call to undefined function qtranxf_getLanguage()

2018-06-21T14:05:59+00:00 CRITICAL Call to undefined function qtranxf_getLanguage()

2018-06-21T14:06:38+00:00 CRITICAL Call to undefined function qtranxf_getLanguage()

2018-06-21T14:13:11+00:00 CRITICAL Call to undefined function qtranxf_getLanguage()

2018-06-21T22:24:32+00:00 CRITICAL Call to undefined function qtranxf_getLanguage()

2018-06-21T23:30:40+00:00 CRITICAL Call to undefined function qtranxf_getLanguage()

2018-06-21T23:31:08+00:00 CRITICAL Call to undefined function qtranxf_getLanguage()

2018-06-21T23:35:51+00:00 CRITICAL Call to undefined function qtranxf_getLanguage()

2018-06-21T23:36:53+00:00 CRITICAL Call to undefined function qtranxf_getLanguage()

2018-06-21T23:51:39+00:00 CRITICAL Call to undefined function qtranxf_getLanguage()

2018-06-21T23:53:59+00:00 CRITICAL Call to undefined function qtranxf_getLanguage()

2018-06-22T11:11:24+00:00 CRITICAL Call to undefined function qtranxf_getLanguage()

2018-06-22T11:14:11+00:00 CRITICAL Call to undefined function qtranxf_getLanguage()

2018-06-22T13:44:38+00:00 CRITICAL Call to undefined function qtranxf_getLanguage()

2018-06-22T14:11:59+00:00 CRITICAL Call to undefined function qtranxf_getLanguage()

2018-06-22T14:34:09+00:00 CRITICAL Call to undefined function qtranxf_getLanguage()

2018-06-22T14:34:16+00:00 CRITICAL Call to undefined function qtranxf_getLanguage()

2018-06-22T14:34:23+00:00 CRITICAL Call to undefined function qtranxf_getLanguage()

2018-06-22T14:34:47+00:00 CRITICAL Call to undefined function qtranxf_getLanguage()

2018-06-25T17:39:25+00:00 CRITICAL Uncaught Error: Call to undefined function qtranxf_getLanguage() in /Applications/MAMP/htdocs/freelancer/myhome/wp-content/themes/tpttheme/page.php:4
Stack trace:
#0 /Applications/MAMP/htdocs/freelancer/myhome/wp-includes/template-loader.php(74): include()
#1 /Applications/MAMP/htdocs/freelancer/myhome/wp-blog-header.php(19): require_once('/Applications/M...')
#2 /Applications/MAMP/htdocs/freelancer/myhome/index.php(17): require('/Applications/M...')
#3 {main}
  thrown

2018-06-25T21:05:44+00:00 CRITICAL Uncaught Error: Call to undefined function qtranxf_getLanguage() in /Applications/MAMP/htdocs/freelancer/myhome/wp-content/themes/tpttheme/page.php:4
Stack trace:
#0 /Applications/MAMP/htdocs/freelancer/myhome/wp-includes/template-loader.php(74): include()
#1 /Applications/MAMP/htdocs/freelancer/myhome/wp-blog-header.php(19): require_once('/Applications/M...')
#2 /Applications/MAMP/htdocs/freelancer/myhome/index.php(17): require('/Applications/M...')
#3 {main}
  thrown

2018-06-25T21:05:58+00:00 CRITICAL Uncaught Error: Call to undefined function qtranxf_getLanguage() in /Applications/MAMP/htdocs/freelancer/myhome/wp-content/themes/tpttheme/page.php:4
Stack trace:
#0 /Applications/MAMP/htdocs/freelancer/myhome/wp-includes/template-loader.php(74): include()
#1 /Applications/MAMP/htdocs/freelancer/myhome/wp-blog-header.php(19): require_once('/Applications/M...')
#2 /Applications/MAMP/htdocs/freelancer/myhome/index.php(17): require('/Applications/M...')
#3 {main}
  thrown

2018-06-25T21:07:03+00:00 CRITICAL Uncaught Error: Call to undefined function qtranxf_getLanguage() in /Applications/MAMP/htdocs/freelancer/myhome/wp-content/themes/tpttheme/page.php:4
Stack trace:
#0 /Applications/MAMP/htdocs/freelancer/myhome/wp-includes/template-loader.php(74): include()
#1 /Applications/MAMP/htdocs/freelancer/myhome/wp-blog-header.php(19): require_once('/Applications/M...')
#2 /Applications/MAMP/htdocs/freelancer/myhome/index.php(17): require('/Applications/M...')
#3 {main}
  thrown

2018-06-25T21:07:17+00:00 CRITICAL Uncaught Error: Call to undefined function qtranxf_getLanguage() in /Applications/MAMP/htdocs/freelancer/myhome/wp-content/themes/tpttheme/page.php:4
Stack trace:
#0 /Applications/MAMP/htdocs/freelancer/myhome/wp-includes/template-loader.php(74): include()
#1 /Applications/MAMP/htdocs/freelancer/myhome/wp-blog-header.php(19): require_once('/Applications/M...')
#2 /Applications/MAMP/htdocs/freelancer/myhome/index.php(17): require('/Applications/M...')
#3 {main}
  thrown

2018-06-25T21:09:22+00:00 CRITICAL Uncaught Error: Call to undefined function qtranxf_getLanguage() in /Applications/MAMP/htdocs/freelancer/myhome/wp-content/themes/tpttheme/woocommerce/archive-product.php:27
Stack trace:
#0 /Applications/MAMP/htdocs/freelancer/myhome/wp-includes/template-loader.php(74): include()
#1 /Applications/MAMP/htdocs/freelancer/myhome/wp-blog-header.php(19): require_once('/Applications/M...')
#2 /Applications/MAMP/htdocs/freelancer/myhome/index.php(17): require('/Applications/M...')
#3 {main}
  thrown

2018-06-25T21:10:00+00:00 CRITICAL Uncaught Error: Call to undefined function qtranxf_getLanguage() in /Applications/MAMP/htdocs/freelancer/myhome/wp-content/themes/tpttheme/inc/tpt-sidebarchild.php:3
Stack trace:
#0 /Applications/MAMP/htdocs/freelancer/myhome/wp-includes/template.php(690): require()
#1 /Applications/MAMP/htdocs/freelancer/myhome/wp-includes/template.php(647): load_template('/Applications/M...', false)
#2 /Applications/MAMP/htdocs/freelancer/myhome/wp-includes/general-template.php(155): locate_template(Array, true, false)
#3 /Applications/MAMP/htdocs/freelancer/myhome/wp-content/themes/tpttheme/woocommerce/archive-product.php(163): get_template_part('inc/tpt', 'sidebarchild')
#4 /Applications/MAMP/htdocs/freelancer/myhome/wp-includes/template-loader.php(74): include('/Applications/M...')
#5 /Applications/MAMP/htdocs/freelancer/myhome/wp-blog-header.php(19): require_once('/Applications/M...')
#6 /Applications/MAMP/htdocs/freelancer/myhome/index.php(17): require('/Applications/M...')
#7 {main}
  thrown

2018-06-25T21:22:13+00:00 CRITICAL Uncaught Error: Call to undefined function qtranxf_getLanguage() in /Applications/MAMP/htdocs/freelancer/myhome/wp-content/themes/tpttheme/woocommerce/single-product.php:27
Stack trace:
#0 /Applications/MAMP/htdocs/freelancer/myhome/wp-includes/template-loader.php(74): include()
#1 /Applications/MAMP/htdocs/freelancer/myhome/wp-blog-header.php(19): require_once('/Applications/M...')
#2 /Applications/MAMP/htdocs/freelancer/myhome/index.php(17): require('/Applications/M...')
#3 {main}
  thrown

2018-06-25T23:06:04+00:00 CRITICAL Uncaught Error: Call to undefined function qtranxf_getLanguage() in /Applications/MAMP/htdocs/freelancer/myhome/wp-content/themes/tpttheme/woocommerce/single-product/related.php:23
Stack trace:
#0 /Applications/MAMP/htdocs/freelancer/myhome/wp-content/plugins/woocommerce/includes/wc-core-functions.php(209): include()
#1 /Applications/MAMP/htdocs/freelancer/myhome/wp-content/plugins/woocommerce/includes/wc-template-functions.php(1370): wc_get_template('single-product/...', Array)
#2 /Applications/MAMP/htdocs/freelancer/myhome/wp-content/themes/tpttheme/woocommerce/single-product.php(139): woocommerce_related_products(Array)
#3 /Applications/MAMP/htdocs/freelancer/myhome/wp-includes/template-loader.php(74): include('/Applications/M...')
#4 /Applications/MAMP/htdocs/freelancer/myhome/wp-blog-header.php(19): require_once('/Applications/M...')
#5 /Applications/MAMP/htdocs/freelancer/myhome/index.php(17): require('/Applications/M...')
#6 {main}
  thrown

2018-06-25T23:06:07+00:00 CRITICAL Uncaught Error: Call to undefined function qtranxf_getLanguage() in /Applications/MAMP/htdocs/freelancer/myhome/wp-content/themes/tpttheme/woocommerce/single-product/related.php:23
Stack trace:
#0 /Applications/MAMP/htdocs/freelancer/myhome/wp-content/plugins/woocommerce/includes/wc-core-functions.php(209): include()
#1 /Applications/MAMP/htdocs/freelancer/myhome/wp-content/plugins/woocommerce/includes/wc-template-functions.php(1370): wc_get_template('single-product/...', Array)
#2 /Applications/MAMP/htdocs/freelancer/myhome/wp-content/themes/tpttheme/woocommerce/single-product.php(139): woocommerce_related_products(Array)
#3 /Applications/MAMP/htdocs/freelancer/myhome/wp-includes/template-loader.php(74): include('/Applications/M...')
#4 /Applications/MAMP/htdocs/freelancer/myhome/wp-blog-header.php(19): require_once('/Applications/M...')
#5 /Applications/MAMP/htdocs/freelancer/myhome/index.php(17): require('/Applications/M...')
#6 {main}
  thrown

2018-06-25T23:06:35+00:00 CRITICAL Uncaught Error: Call to undefined function qtranxf_getLanguage() in /Applications/MAMP/htdocs/freelancer/myhome/wp-content/themes/tpttheme/woocommerce/single-product/related.php:23
Stack trace:
#0 /Applications/MAMP/htdocs/freelancer/myhome/wp-content/plugins/woocommerce/includes/wc-core-functions.php(209): include()
#1 /Applications/MAMP/htdocs/freelancer/myhome/wp-content/plugins/woocommerce/includes/wc-template-functions.php(1370): wc_get_template('single-product/...', Array)
#2 /Applications/MAMP/htdocs/freelancer/myhome/wp-content/themes/tpttheme/woocommerce/single-product.php(128): woocommerce_related_products(Array)
#3 /Applications/MAMP/htdocs/freelancer/myhome/wp-includes/template-loader.php(74): include('/Applications/M...')
#4 /Applications/MAMP/htdocs/freelancer/myhome/wp-blog-header.php(19): require_once('/Applications/M...')
#5 /Applications/MAMP/htdocs/freelancer/myhome/index.php(17): require('/Applications/M...')
#6 {main}
  thrown

2018-06-25T23:10:26+00:00 CRITICAL Uncaught Error: Call to undefined function qtranxf_getLanguage() in /Applications/MAMP/htdocs/freelancer/myhome/wp-content/themes/tpttheme/woocommerce/single-product/related.php:23
Stack trace:
#0 /Applications/MAMP/htdocs/freelancer/myhome/wp-content/plugins/woocommerce/includes/wc-core-functions.php(209): include()
#1 /Applications/MAMP/htdocs/freelancer/myhome/wp-content/plugins/woocommerce/includes/wc-template-functions.php(1370): wc_get_template('single-product/...', Array)
#2 /Applications/MAMP/htdocs/freelancer/myhome/wp-content/themes/tpttheme/woocommerce/single-product.php(133): woocommerce_related_products(Array)
#3 /Applications/MAMP/htdocs/freelancer/myhome/wp-includes/template-loader.php(74): include('/Applications/M...')
#4 /Applications/MAMP/htdocs/freelancer/myhome/wp-blog-header.php(19): require_once('/Applications/M...')
#5 /Applications/MAMP/htdocs/freelancer/myhome/index.php(17): require('/Applications/M...')
#6 {main}
  thrown

2018-06-25T23:10:34+00:00 CRITICAL Uncaught Error: Call to undefined function qtranxf_getLanguage() in /Applications/MAMP/htdocs/freelancer/myhome/wp-content/themes/tpttheme/woocommerce/single-product/related.php:23
Stack trace:
#0 /Applications/MAMP/htdocs/freelancer/myhome/wp-content/plugins/woocommerce/includes/wc-core-functions.php(209): include()
#1 /Applications/MAMP/htdocs/freelancer/myhome/wp-content/plugins/woocommerce/includes/wc-template-functions.php(1370): wc_get_template('single-product/...', Array)
#2 /Applications/MAMP/htdocs/freelancer/myhome/wp-content/themes/tpttheme/woocommerce/single-product.php(133): woocommerce_related_products(Array)
#3 /Applications/MAMP/htdocs/freelancer/myhome/wp-includes/template-loader.php(74): include('/Applications/M...')
#4 /Applications/MAMP/htdocs/freelancer/myhome/wp-blog-header.php(19): require_once('/Applications/M...')
#5 /Applications/MAMP/htdocs/freelancer/myhome/index.php(17): require('/Applications/M...')
#6 {main}
  thrown

2018-06-25T23:11:28+00:00 CRITICAL Uncaught Error: Call to undefined function qtranxf_getLanguage() in /Applications/MAMP/htdocs/freelancer/myhome/wp-content/themes/tpttheme/woocommerce/single-product/related.php:23
Stack trace:
#0 /Applications/MAMP/htdocs/freelancer/myhome/wp-content/plugins/woocommerce/includes/wc-core-functions.php(209): include()
#1 /Applications/MAMP/htdocs/freelancer/myhome/wp-content/plugins/woocommerce/includes/wc-template-functions.php(1370): wc_get_template('single-product/...', Array)
#2 /Applications/MAMP/htdocs/freelancer/myhome/wp-content/themes/tpttheme/woocommerce/single-product.php(133): woocommerce_related_products(Array)
#3 /Applications/MAMP/htdocs/freelancer/myhome/wp-includes/template-loader.php(74): include('/Applications/M...')
#4 /Applications/MAMP/htdocs/freelancer/myhome/wp-blog-header.php(19): require_once('/Applications/M...')
#5 /Applications/MAMP/htdocs/freelancer/myhome/index.php(17): require('/Applications/M...')
#6 {main}
  thrown

2018-07-04T09:50:57+00:00 CRITICAL Call to undefined function qtranxf_getLanguage()

2018-07-04T09:51:10+00:00 CRITICAL Call to undefined function qtranxf_getLanguage()

2018-07-04T09:51:12+00:00 CRITICAL Call to undefined function qtranxf_getLanguage()

2018-07-07T10:29:47+00:00 CRITICAL Call to undefined function get_template_directory_url()

2018-07-07T10:29:56+00:00 CRITICAL Call to undefined function get_template_directory_url()

2018-07-07T13:33:25+00:00 CRITICAL Call to undefined function wp_substr()

2018-07-07T15:42:04+00:00 CRITICAL Call to undefined function wp_trim_word()

2018-07-07T15:42:43+00:00 CRITICAL Call to undefined function wp_trim_word()

